[0m11:49:48.583822 [debug] [MainThread]: Sending event: {'category': 'dbt', 'action': 'invocation', 'label': 'start', 'context': [<snowplow_tracker.self_describing_json.SelfDescribingJson object at 0x10439dfd0>, <snowplow_tracker.self_describing_json.SelfDescribingJson object at 0x107099090>, <snowplow_tracker.self_describing_json.SelfDescribingJson object at 0x107098f50>]}


============================== 11:49:48.590637 | c16c5fa3-e5c0-4b76-93fb-526fb720a306 ==============================
[0m11:49:48.590637 [info ] [MainThread]: Running with dbt=1.6.0
[0m11:49:48.591169 [debug] [MainThread]: running dbt with arguments {'printer_width': '80', 'indirect_selection': 'eager', 'log_cache_events': 'False', 'write_json': 'True', 'partial_parse': 'True', 'cache_selected_only': 'False', 'warn_error': 'None', 'version_check': 'True', 'fail_fast': 'False', 'log_path': 'logs', 'profiles_dir': '/Users/jeannetaoliviasantoso/.dbt', 'debug': 'False', 'use_colors': 'True', 'use_experimental_parser': 'False', 'no_print': 'None', 'quiet': 'False', 'warn_error_options': 'WarnErrorOptions(include=[], exclude=[])', 'introspect': 'True', 'log_format': 'default', 'static_parser': 'True', 'target_path': 'None', 'invocation_command': 'dbt init', 'send_anonymous_usage_stats': 'True'}
[0m11:49:48.591563 [warn ] [MainThread]: [ConfigFolderDirectory]: Unable to parse dict {'dir': PosixPath('/Users/jeannetaoliviasantoso/.dbt')}
[0m11:49:48.591751 [info ] [MainThread]: Creating dbt configuration folder at 
[0m11:50:07.972181 [debug] [MainThread]: Starter project path: /Users/jeannetaoliviasantoso/learn_dbt_postgres/env/lib/python3.13/site-packages/dbt/include/starter_project
[0m11:50:07.979747 [info ] [MainThread]: 
Your new dbt project "data_warehouse" was created!

For more information on how to configure the profiles.yml file,
please consult the dbt documentation here:

  https://docs.getdbt.com/docs/configure-your-profile

One more thing:

Need help? Don't hesitate to reach out to us via GitHub issues or on Slack:

  https://community.getdbt.com/

Happy modeling!

[0m11:50:07.980370 [info ] [MainThread]: Setting up your profile.
[0m11:50:20.954323 [info ] [MainThread]: Profile data_warehouse written to /Users/jeannetaoliviasantoso/.dbt/profiles.yml using target's sample configuration. Once updated, you'll be able to start developing with dbt.
[0m11:50:20.955061 [debug] [MainThread]: Command `dbt init` succeeded at 11:50:20.954924 after 32.39 seconds
[0m11:50:20.955322 [debug] [MainThread]: Sending event: {'category': 'dbt', 'action': 'invocation', 'label': 'end', 'context': [<snowplow_tracker.self_describing_json.SelfDescribingJson object at 0x1070a6650>, <snowplow_tracker.self_describing_json.SelfDescribingJson object at 0x1052757f0>, <snowplow_tracker.self_describing_json.SelfDescribingJson object at 0x106fdb130>]}
[0m11:50:20.955617 [debug] [MainThread]: Flushing usage events
[0m21:51:54.665289 [debug] [MainThread]: Sending event: {'category': 'dbt', 'action': 'invocation', 'label': 'start', 'context': [<snowplow_tracker.self_describing_json.SelfDescribingJson object at 0x102d45fd0>, <snowplow_tracker.self_describing_json.SelfDescribingJson object at 0x104699090>, <snowplow_tracker.self_describing_json.SelfDescribingJson object at 0x104698f50>]}


============================== 21:51:54.669462 | d5cab7d7-4ccf-462e-b26f-8e04d03533be ==============================
[0m21:51:54.669462 [info ] [MainThread]: Running with dbt=1.6.0
[0m21:51:54.669880 [debug] [MainThread]: running dbt with arguments {'printer_width': '80', 'indirect_selection': 'eager', 'write_json': 'True', 'log_cache_events': 'False', 'partial_parse': 'True', 'cache_selected_only': 'False', 'warn_error': 'None', 'version_check': 'True', 'profiles_dir': '/Users/jeannetaoliviasantoso/.dbt', 'log_path': 'logs', 'fail_fast': 'False', 'debug': 'False', 'use_colors': 'True', 'use_experimental_parser': 'False', 'no_print': 'None', 'quiet': 'False', 'warn_error_options': 'WarnErrorOptions(include=[], exclude=[])', 'introspect': 'True', 'static_parser': 'True', 'invocation_command': 'dbt debug', 'target_path': 'None', 'log_format': 'default', 'send_anonymous_usage_stats': 'True'}
[0m21:51:54.670255 [info ] [MainThread]: dbt version: 1.6.0
[0m21:51:54.670432 [info ] [MainThread]: python version: 3.13.0
[0m21:51:54.670594 [info ] [MainThread]: python path: /Users/jeannetaoliviasantoso/learn_dbt_postgres/env/bin/python3.13
[0m21:51:54.670747 [info ] [MainThread]: os info: macOS-14.6.1-arm64-arm-64bit-Mach-O
[0m21:51:54.722869 [info ] [MainThread]: Using profiles dir at /Users/jeannetaoliviasantoso/.dbt
[0m21:51:54.723183 [info ] [MainThread]: Using profiles.yml file at /Users/jeannetaoliviasantoso/.dbt/profiles.yml
[0m21:51:54.723368 [info ] [MainThread]: Using dbt_project.yml file at /Users/jeannetaoliviasantoso/learn_dbt_postgres/dbt_project.yml
[0m21:51:54.723545 [info ] [MainThread]: Configuration:
[0m21:51:54.723697 [info ] [MainThread]:   profiles.yml file [[31mERROR invalid[0m]
[0m21:51:54.723845 [info ] [MainThread]:   dbt_project.yml file [[31mERROR not found[0m]
[0m21:51:54.723985 [info ] [MainThread]: Required dependencies:
[0m21:51:54.724180 [debug] [MainThread]: Executing "git --help"
[0m21:51:54.744409 [debug] [MainThread]: STDOUT: "b"usage: git [-v | --version] [-h | --help] [-C <path>] [-c <name>=<value>]\n           [--exec-path[=<path>]] [--html-path] [--man-path] [--info-path]\n           [-p | --paginate | -P | --no-pager] [--no-replace-objects] [--no-lazy-fetch]\n           [--no-optional-locks] [--no-advice] [--bare] [--git-dir=<path>]\n           [--work-tree=<path>] [--namespace=<name>] [--config-env=<name>=<envvar>]\n           <command> [<args>]\n\nThese are common Git commands used in various situations:\n\nstart a working area (see also: git help tutorial)\n   clone     Clone a repository into a new directory\n   init      Create an empty Git repository or reinitialize an existing one\n\nwork on the current change (see also: git help everyday)\n   add       Add file contents to the index\n   mv        Move or rename a file, a directory, or a symlink\n   restore   Restore working tree files\n   rm        Remove files from the working tree and from the index\n\nexamine the history and state (see also: git help revisions)\n   bisect    Use binary search to find the commit that introduced a bug\n   diff      Show changes between commits, commit and working tree, etc\n   grep      Print lines matching a pattern\n   log       Show commit logs\n   show      Show various types of objects\n   status    Show the working tree status\n\ngrow, mark and tweak your common history\n   branch    List, create, or delete branches\n   commit    Record changes to the repository\n   merge     Join two or more development histories together\n   rebase    Reapply commits on top of another base tip\n   reset     Reset current HEAD to the specified state\n   switch    Switch branches\n   tag       Create, list, delete or verify a tag object signed with GPG\n\ncollaborate (see also: git help workflows)\n   fetch     Download objects and refs from another repository\n   pull      Fetch from and integrate with another repository or a local branch\n   push      Update remote refs along with associated objects\n\n'git help -a' and 'git help -g' list available subcommands and some\nconcept guides. See 'git help <command>' or 'git help <concept>'\nto read about a specific subcommand or concept.\nSee 'git help git' for an overview of the system.\n""
[0m21:51:54.745292 [debug] [MainThread]: STDERR: "b''"
[0m21:51:54.745623 [info ] [MainThread]:  - git [[32mOK found[0m]

[0m21:51:54.747273 [info ] [MainThread]: Connection test skipped since no profile was found
[0m21:51:54.747556 [info ] [MainThread]: [31m2 checks failed:[0m
[0m21:51:54.747744 [info ] [MainThread]: Could not load dbt_project.yml
Profile loading failed for the following reason:
Runtime Error
  Credentials in profile "data_warehouse", target "dev" invalid: ['dbname'] is not of type 'string'


[0m21:51:54.747923 [info ] [MainThread]: Project loading failed for the following reason:
 project path </Users/jeannetaoliviasantoso/learn_dbt_postgres/dbt_project.yml> not found

[0m21:51:54.748484 [debug] [MainThread]: Command `dbt debug` failed at 21:51:54.748363 after 0.11 seconds
[0m21:51:54.748828 [debug] [MainThread]: Sending event: {'category': 'dbt', 'action': 'invocation', 'label': 'end', 'context': [<snowplow_tracker.self_describing_json.SelfDescribingJson object at 0x1046b2780>, <snowplow_tracker.self_describing_json.SelfDescribingJson object at 0x1032757f0>, <snowplow_tracker.self_describing_json.SelfDescribingJson object at 0x1046e8270>]}
[0m21:51:54.749203 [debug] [MainThread]: Flushing usage events
[0m22:00:24.031563 [debug] [MainThread]: Sending event: {'category': 'dbt', 'action': 'invocation', 'label': 'start', 'context': [<snowplow_tracker.self_describing_json.SelfDescribingJson object at 0x1055a9fd0>, <snowplow_tracker.self_describing_json.SelfDescribingJson object at 0x107525090>, <snowplow_tracker.self_describing_json.SelfDescribingJson object at 0x107524f50>]}


============================== 22:00:24.035713 | a6d89001-c1f2-4592-86aa-1efb0e355359 ==============================
[0m22:00:24.035713 [info ] [MainThread]: Running with dbt=1.6.0
[0m22:00:24.036176 [debug] [MainThread]: running dbt with arguments {'printer_width': '80', 'indirect_selection': 'eager', 'write_json': 'True', 'log_cache_events': 'False', 'partial_parse': 'True', 'cache_selected_only': 'False', 'profiles_dir': '/Users/jeannetaoliviasantoso/.dbt', 'debug': 'False', 'version_check': 'True', 'log_path': 'logs', 'fail_fast': 'False', 'warn_error': 'None', 'use_colors': 'True', 'use_experimental_parser': 'False', 'no_print': 'None', 'quiet': 'False', 'log_format': 'default', 'static_parser': 'True', 'introspect': 'True', 'warn_error_options': 'WarnErrorOptions(include=[], exclude=[])', 'target_path': 'None', 'invocation_command': 'dbt debug', 'send_anonymous_usage_stats': 'True'}
[0m22:00:24.036581 [info ] [MainThread]: dbt version: 1.6.0
[0m22:00:24.036766 [info ] [MainThread]: python version: 3.13.0
[0m22:00:24.036925 [info ] [MainThread]: python path: /Users/jeannetaoliviasantoso/learn_dbt_postgres/env/bin/python3.13
[0m22:00:24.037080 [info ] [MainThread]: os info: macOS-14.6.1-arm64-arm-64bit-Mach-O
[0m22:00:24.088686 [info ] [MainThread]: Using profiles dir at /Users/jeannetaoliviasantoso/.dbt
[0m22:00:24.089009 [info ] [MainThread]: Using profiles.yml file at /Users/jeannetaoliviasantoso/.dbt/profiles.yml
[0m22:00:24.089280 [info ] [MainThread]: Using dbt_project.yml file at /Users/jeannetaoliviasantoso/learn_dbt_postgres/dbt_project.yml
[0m22:00:24.089492 [info ] [MainThread]: Configuration:
[0m22:00:24.089659 [info ] [MainThread]:   profiles.yml file [[31mERROR invalid[0m]
[0m22:00:24.089810 [info ] [MainThread]:   dbt_project.yml file [[31mERROR not found[0m]
[0m22:00:24.089955 [info ] [MainThread]: Required dependencies:
[0m22:00:24.090155 [debug] [MainThread]: Executing "git --help"
[0m22:00:24.107904 [debug] [MainThread]: STDOUT: "b"usage: git [-v | --version] [-h | --help] [-C <path>] [-c <name>=<value>]\n           [--exec-path[=<path>]] [--html-path] [--man-path] [--info-path]\n           [-p | --paginate | -P | --no-pager] [--no-replace-objects] [--no-lazy-fetch]\n           [--no-optional-locks] [--no-advice] [--bare] [--git-dir=<path>]\n           [--work-tree=<path>] [--namespace=<name>] [--config-env=<name>=<envvar>]\n           <command> [<args>]\n\nThese are common Git commands used in various situations:\n\nstart a working area (see also: git help tutorial)\n   clone     Clone a repository into a new directory\n   init      Create an empty Git repository or reinitialize an existing one\n\nwork on the current change (see also: git help everyday)\n   add       Add file contents to the index\n   mv        Move or rename a file, a directory, or a symlink\n   restore   Restore working tree files\n   rm        Remove files from the working tree and from the index\n\nexamine the history and state (see also: git help revisions)\n   bisect    Use binary search to find the commit that introduced a bug\n   diff      Show changes between commits, commit and working tree, etc\n   grep      Print lines matching a pattern\n   log       Show commit logs\n   show      Show various types of objects\n   status    Show the working tree status\n\ngrow, mark and tweak your common history\n   branch    List, create, or delete branches\n   commit    Record changes to the repository\n   merge     Join two or more development histories together\n   rebase    Reapply commits on top of another base tip\n   reset     Reset current HEAD to the specified state\n   switch    Switch branches\n   tag       Create, list, delete or verify a tag object signed with GPG\n\ncollaborate (see also: git help workflows)\n   fetch     Download objects and refs from another repository\n   pull      Fetch from and integrate with another repository or a local branch\n   push      Update remote refs along with associated objects\n\n'git help -a' and 'git help -g' list available subcommands and some\nconcept guides. See 'git help <command>' or 'git help <concept>'\nto read about a specific subcommand or concept.\nSee 'git help git' for an overview of the system.\n""
[0m22:00:24.108647 [debug] [MainThread]: STDERR: "b''"
[0m22:00:24.108933 [info ] [MainThread]:  - git [[32mOK found[0m]

[0m22:00:24.109179 [info ] [MainThread]: Connection test skipped since no profile was found
[0m22:00:24.109463 [info ] [MainThread]: [31m2 checks failed:[0m
[0m22:00:24.109805 [info ] [MainThread]: Could not load dbt_project.yml
Profile loading failed for the following reason:
Runtime Error
  Credentials in profile "data_warehouse", target "dev" invalid: ['dbname'] is not of type 'string'


[0m22:00:24.110005 [info ] [MainThread]: Project loading failed for the following reason:
 project path </Users/jeannetaoliviasantoso/learn_dbt_postgres/dbt_project.yml> not found

[0m22:00:24.110517 [debug] [MainThread]: Command `dbt debug` failed at 22:00:24.110419 after 0.10 seconds
[0m22:00:24.110814 [debug] [MainThread]: Sending event: {'category': 'dbt', 'action': 'invocation', 'label': 'end', 'context': [<snowplow_tracker.self_describing_json.SelfDescribingJson object at 0x107542780>, <snowplow_tracker.self_describing_json.SelfDescribingJson object at 0x105d657f0>, <snowplow_tracker.self_describing_json.SelfDescribingJson object at 0x107574270>]}
[0m22:00:24.111156 [debug] [MainThread]: Flushing usage events
